<?xml version="1.0" encoding="UTF-8"?>
<!-- Generated by org.testng.reporters.JUnitXMLReporter -->
<testsuite hostname="MukunLaptop" ignored="6" name="Test1" tests="1" failures="0" timestamp="2020-04-04T00:01:30 SGT" time="0.031" errors="0">
  <testcase name="test4" time="0.005" classname="demo.TestNGGroupsDemo"/>
  <testcase name="test3" time="0.0" classname="demo.TestNGGroupsDemo">
    <ignored/>
  </testcase> <!-- test3 -->
  <testcase name="test5" time="0.0" classname="demo.TestNGGroupsDemo">
    <ignored/>
  </testcase> <!-- test5 -->
  <testcase name="test2" time="0.0" classname="demo.TestNGGroupsDemo">
    <ignored/>
  </testcase> <!-- test2 -->
  <testcase name="test7" time="0.0" classname="demo.TestNGGroupsDemo">
    <ignored/>
  </testcase> <!-- test7 -->
  <testcase name="test6" time="0.0" classname="demo.TestNGGroupsDemo">
    <ignored/>
  </testcase> <!-- test6 -->
  <testcase name="test1" time="0.0" classname="demo.TestNGGroupsDemo">
    <ignored/>
  </testcase> <!-- test1 -->
</testsuite> <!-- Test1 -->
